<?xml version="1.0" encoding="UTF-8"?>
<!-- Generated by org.testng.reporters.JUnitReportReporter -->
<testsuite hostname="morozov-pc" failures="0" tests="19" name="com.testProject.tests.LoginTest" time="650.043" errors="0" timestamp="31 авг. 2020 07:07:33 GMT" skipped="0">
  <testcase classname="com.testProject.tests.LoginTest" name="logInTest" time="50.564"/>
  <testcase classname="com.testProject.tests.LoginTest" name="logInTest" time="48.936"/>
  <testcase classname="com.testProject.tests.LoginTest" name="logInTest" time="41.756"/>
  <testcase classname="com.testProject.tests.LoginTest" name="logInTest" time="28.480"/>
  <testcase classname="com.testProject.tests.LoginTest" name="logInTest" time="50.173"/>
  <testcase classname="com.testProject.tests.LoginTest" name="logInTest" time="41.612"/>
  <testcase classname="com.testProject.tests.LoginTest" name="logInTest" time="29.110"/>
  <testcase classname="com.testProject.tests.LoginTest" name="logInTest" time="13.650"/>
  <testcase classname="com.testProject.tests.LoginTest" name="logInTest" time="28.791"/>
  <testcase classname="com.testProject.tests.LoginTest" name="logInTest" time="47.635"/>
  <testcase classname="com.testProject.tests.LoginTest" name="logInTest" time="48.644"/>
  <testcase classname="com.testProject.tests.LoginTest" name="logInTest" time="50.525"/>
  <testcase classname="com.testProject.tests.LoginTest" name="logInTest" time="28.610"/>
  <testcase classname="com.testProject.tests.LoginTest" name="logInTest" time="27.920"/>
  <testcase classname="com.testProject.tests.LoginTest" name="logInTest" time="49.316"/>
  <testcase classname="com.testProject.tests.LoginTest" name="logInTest" time="19.979"/>
  <testcase classname="com.testProject.tests.LoginTest" name="logInTest" time="13.074"/>
  <testcase classname="com.testProject.tests.LoginTest" name="logInTest" time="12.709"/>
  <testcase classname="com.testProject.tests.LoginTest" name="logInTest" time="18.559"/>
</testsuite> <!-- com.testProject.tests.LoginTest -->
